<?xml version="1.0" encoding="UTF-8"?>
<!-- Generated by org.testng.reporters.JUnitReportReporter -->
<testsuite hostname="LAPTOP-9TU4N0NM" failures="0" tests="2" name="test.com.design.config.designconfig" time="0.011" errors="0" timestamp="08 Oct 2024 11:14:32 GMT" skipped="0">
  <testcase classname="test.com.design.config.designconfig" name="test2" time="0.004"/>
  <testcase classname="test.com.design.config.designconfig" name="test1" time="0.007"/>
</testsuite> <!-- test.com.design.config.designconfig -->
